[    0.000000] Linux version 4.15.0-20-generic (buildd@lgw01-amd64-039) (gcc version 7.3.0 (Ubuntu 7.3.0-16ubuntu3)) #21-Ubuntu SMP Tue Apr 24 06:16:15 UTC 2018 (Ubuntu 4.15.0-20.21-generic 4.15.17)
[    0.000000] Command line: BOOT_IMAGE=/boot/vmlinuz-4.15.0-20-generic root=LABEL=cloudimg-rootfs ro console=tty1 console=ttyS0
[    0.000000] KERNEL supported cpus:
[    0.000000]   Intel GenuineIntel
[    0.000000]   AMD AuthenticAMD
[    0.000000]   Centaur CentaurHauls
[    0.000000] x86/fpu: Supporting XSAVE feature 0x001: 'x87 floating point registers'
[    0.000000] x86/fpu: Supporting XSAVE feature 0x002: 'SSE registers'
[    0.000000] x86/fpu: Supporting XSAVE feature 0x004: 'AVX registers'
[    0.000000] x86/fpu: xstate_offset[2]:  576, xstate_sizes[2]:  256
[    0.000000] x86/fpu: Enabled xstate features 0x7, context size is 832 bytes, using 'standard' format.
[    0.000000] e820: BIOS-provided physical RAM map:
[    0.000000] BIOS-e820: [mem 0x0000000000000000-0x000000000009fbff] usable
[    0.000000] BIOS-e820: [mem 0x000000000009fc00-0x000000000009ffff] reserved
[    0.000000] BIOS-e820: [mem 0x00000000000f0000-0x00000000000fffff] reserved
[    0.000000] BIOS-e820: [mem 0x0000000000100000-0x000000003ffeffff] usable
[    0.000000] BIOS-e820: [mem 0x000000003fff0000-0x000000003fffffff] ACPI data
[    0.000000] BIOS-e820: [mem 0x00000000fec00000-0x00000000fec00fff] reserved
[    0.000000] BIOS-e820: [mem 0x00000000fee00000-0x00000000fee00fff] reserved
[    0.000000] BIOS-e820: [mem 0x00000000fffc0000-0x00000000ffffffff] reserved
[    0.000000] NX (Execute Disable) protection: active
[    0.000000] random: fast init done
[    0.000000] SMBIOS 2.5 present.
[    0.000000] DMI: innotek GmbH VirtualBox/VirtualBox, BIOS VirtualBox 12/01/2006
[    0.000000] Hypervisor detected: KVM
[    0.000000] e820: last_pfn = 0x3fff0 max_arch_pfn = 0x400000000
[    0.000000] MTRR: Disabled
[    0.000000] x86/PAT: MTRRs disabled, skipping PAT initialization too.
[    0.000000] CPU MTRRs all blank - virtualized system.
[    0.000000] x86/PAT: Configuration [0-7]: WB  WT  UC- UC  WB  WT  UC- UC  
[    0.000000] found SMP MP-table at [mem 0x0009fff0-0x0009ffff] mapped at [        (ptrval)]
[    0.000000] Scanning 1 areas for low memory corruption
[    0.000000] RAMDISK: [mem 0x35b23000-0x36d88fff]
[    0.000000] ACPI: Early table checksum verification disabled
[    0.000000] ACPI: RSDP 0x00000000000E0000 000024 (v02 VBOX  )
[    0.000000] ACPI: XSDT 0x000000003FFF0030 00003C (v01 VBOX   VBOXXSDT 00000001 ASL  00000061)
[    0.000000] ACPI: FACP 0x000000003FFF00F0 0000F4 (v04 VBOX   VBOXFACP 00000001 ASL  00000061)
[    0.000000] ACPI: DSDT 0x000000003FFF0470 0021FF (v02 VBOX   VBOXBIOS 00000002 INTL 20160108)
[    0.000000] ACPI: FACS 0x000000003FFF0200 000040
[    0.000000] ACPI: FACS 0x000000003FFF0200 000040
[    0.000000] ACPI: APIC 0x000000003FFF0240 00005C (v02 VBOX   VBOXAPIC 00000001 ASL  00000061)
[    0.000000] ACPI: SSDT 0x000000003FFF02A0 0001CC (v01 VBOX   VBOXCPUT 00000002 INTL 20160108)
[    0.000000] No NUMA configuration found
[    0.000000] Faking a node at [mem 0x0000000000000000-0x000000003ffeffff]
[    0.000000] NODE_DATA(0) allocated [mem 0x3ffc5000-0x3ffeffff]
[    0.000000] kvm-clock: cpu 0, msr 0:3ff44001, primary cpu clock
[    0.000000] kvm-clock: Using msrs 4b564d01 and 4b564d00
[    0.000000] kvm-clock: using sched offset of 3719410772 cycles
[    0.000000] clocksource: kvm-clock: mask: 0xffffffffffffffff max_cycles: 0x1cd42e4dffb, max_idle_ns: 881590591483 ns
[    0.000000] Zone ranges:
[    0.000000]   DMA      [mem 0x0000000000001000-0x0000000000ffffff]
[    0.000000]   DMA32    [mem 0x0000000001000000-0x000000003ffeffff]
[    0.000000]   Normal   empty
[    0.000000]   Device   empty
[    0.000000] Movable zone start for each node
[    0.000000] Early memory node ranges
[    0.000000]   node   0: [mem 0x0000000000001000-0x000000000009efff]
[    0.000000]   node   0: [mem 0x0000000000100000-0x000000003ffeffff]
[    0.000000] Initmem setup node 0 [mem 0x0000000000001000-0x000000003ffeffff]
[    0.000000] Reserved but unavailable: 98 pages
[    0.000000] ACPI: PM-Timer IO Port: 0x4008
[    0.000000] IOAPIC[0]: apic_id 2, version 32, address 0xfec00000, GSI 0-23
[    0.000000] ACPI: INT_SRC_OVR (bus 0 bus_irq 0 global_irq 2 dfl dfl)
[    0.000000] ACPI: INT_SRC_OVR (bus 0 bus_irq 9 global_irq 9 high level)
[    0.000000] Using ACPI (MADT) for SMP configuration information
[    0.000000] smpboot: Allowing 2 CPUs, 0 hotplug CPUs
[    0.000000] PM: Registered nosave memory: [mem 0x00000000-0x00000fff]
[    0.000000] PM: Registered nosave memory: [mem 0x0009f000-0x0009ffff]
[    0.000000] PM: Registered nosave memory: [mem 0x000a0000-0x000effff]
[    0.000000] PM: Registered nosave memory: [mem 0x000f0000-0x000fffff]
[    0.000000] e820: [mem 0x40000000-0xfebfffff] available for PCI devices
[    0.000000] Booting paravirtualized kernel on KVM
[    0.000000] clocksource: refined-jiffies: mask: 0xffffffff max_cycles: 0xffffffff, max_idle_ns: 7645519600211568 ns
[    0.000000] setup_percpu: NR_CPUS:8192 nr_cpumask_bits:2 nr_cpu_ids:2 nr_node_ids:1
[    0.000000] percpu: Embedded 46 pages/cpu @        (ptrval) s151552 r8192 d28672 u1048576
[    0.000000] PV qspinlock hash table entries: 256 (order: 0, 4096 bytes)
[    0.000000] Built 1 zonelists, mobility grouping on.  Total pages: 257913
[    0.000000] Policy zone: DMA32
[    0.000000] Kernel command line: BOOT_IMAGE=/boot/vmlinuz-4.15.0-20-generic root=LABEL=cloudimg-rootfs ro console=tty1 console=ttyS0
[    0.000000] Memory: 983748K/1048120K available (12300K kernel code, 2470K rwdata, 4240K rodata, 2404K init, 2416K bss, 64372K reserved, 0K cma-reserved)
[    0.000000] SLUB: HWalign=64, Order=0-3, MinObjects=0, CPUs=2, Nodes=1
[    0.000000] Kernel/User page tables isolation: enabled
[    0.000000] ftrace: allocating 39065 entries in 153 pages
[    0.004000] Hierarchical RCU implementation.
[    0.004000] 	RCU restricting CPUs from NR_CPUS=8192 to nr_cpu_ids=2.
[    0.004000] 	Tasks RCU enabled.
[    0.004000] RCU: Adjusting geometry for rcu_fanout_leaf=16, nr_cpu_ids=2
[    0.004000] NR_IRQS: 524544, nr_irqs: 440, preallocated irqs: 16
[    0.004000] Console: colour VGA+ 80x25
[    0.004000] console [tty1] enabled
[    0.004000] console [ttyS0] enabled
[    0.004000] ACPI: Core revision 20170831
[    0.004000] ACPI: 2 ACPI AML tables successfully acquired and loaded
[    0.004000] APIC: Switch to symmetric I/O mode setup
[    0.004300] x2apic enabled
[    0.008016] Switched APIC routing to physical x2apic.
[    0.017690] ..TIMER: vector=0x30 apic1=0 pin1=2 apic2=-1 pin2=-1
[    0.020010] tsc: Detected 2494.332 MHz processor
[    0.020982] Calibrating delay loop (skipped) preset value.. 4988.66 BogoMIPS (lpj=9977328)
[    0.024008] pid_max: default: 32768 minimum: 301
[    0.025021] Security Framework initialized
[    0.028013] Yama: becoming mindful.
[    0.032050] AppArmor: AppArmor initialized
[    0.040135] Dentry cache hash table entries: 131072 (order: 8, 1048576 bytes)
[    0.044105] Inode-cache hash table entries: 65536 (order: 7, 524288 bytes)
[    0.048041] Mount-cache hash table entries: 2048 (order: 2, 16384 bytes)
[    0.052023] Mountpoint-cache hash table entries: 2048 (order: 2, 16384 bytes)
[    0.056269] CPU: Physical Processor ID: 0
[    0.060008] CPU: Processor Core ID: 0
[    0.064040] mce: CPU supports 0 MCE banks
[    0.065094] Last level iTLB entries: 4KB 512, 2MB 8, 4MB 8
[    0.068012] Last level dTLB entries: 4KB 512, 2MB 32, 4MB 32, 1GB 0
[    0.072006] Spectre V2 : Mitigation: Full generic retpoline
[    0.073532] Freeing SMP alternatives memory: 36K
[    0.080000] smpboot: CPU0: Intel(R) Core(TM) i5-3210M CPU @ 2.50GHz (family: 0x6, model: 0x3a, stepping: 0x9)
[    0.080166] Performance Events: unsupported p6 CPU model 58 no PMU driver, software events only.
[    0.088045] Hierarchical SRCU implementation.
[    0.090104] NMI watchdog: Perf event create on CPU 0 failed with -2
[    0.092011] NMI watchdog: Perf NMI watchdog permanently disabled
[    0.096102] smp: Bringing up secondary CPUs ...
[    0.100228] x86: Booting SMP configuration:
[    0.104006] .... node  #0, CPUs:      #1
[    0.004000] kvm-clock: cpu 1, msr 0:3ff44041, secondary cpu clock
[    0.004000] mce: CPU supports 0 MCE banks
[    0.120031] smp: Brought up 1 node, 2 CPUs
[    0.121971] smpboot: Max logical packages: 1
[    0.124020] smpboot: Total of 2 processors activated (9977.32 BogoMIPS)
[    0.128278] devtmpfs: initialized
[    0.130011] x86/mm: Memory block size: 128MB
[    0.132309] evm: security.selinux
[    0.136012] evm: security.SMACK64
[    0.140008] evm: security.SMACK64EXEC
[    0.144004] evm: security.SMACK64TRANSMUTE
[    0.148010] evm: security.SMACK64MMAP
[    0.152010] evm: security.apparmor
[    0.152906] evm: security.ima
[    0.153682] evm: security.capability
[    0.156119] clocksource: jiffies: mask: 0xffffffff max_cycles: 0xffffffff, max_idle_ns: 7645041785100000 ns
[    0.160032] futex hash table entries: 512 (order: 3, 32768 bytes)
[    0.164138] pinctrl core: initialized pinctrl subsystem
[    0.172255] RTC time:  9:09:00, date: 05/25/18
[    0.176289] NET: Registered protocol family 16
[    0.178534] audit: initializing netlink subsys (disabled)
[    0.180080] audit: type=2000 audit(1527239344.124:1): state=initialized audit_enabled=0 res=1
[    0.204021] cpuidle: using governor ladder
[    0.208017] cpuidle: using governor menu
[    0.212098] ACPI: bus type PCI registered
[    0.216007] acpiphp: ACPI Hot Plug PCI Controller Driver version: 0.5
[    0.217868] PCI: Using configuration type 1 for base access
[    0.222128] HugeTLB registered 2.00 MiB page size, pre-allocated 0 pages
[    0.224113] ACPI: Added _OSI(Module Device)
[    0.228007] ACPI: Added _OSI(Processor Device)
[    0.228934] ACPI: Added _OSI(3.0 _SCP Extensions)
[    0.232019] ACPI: Added _OSI(Processor Aggregator Device)
[    0.236311] ACPI: Executed 1 blocks of module-level executable AML code
[    0.248056] ACPI: Interpreter enabled
[    0.252025] ACPI: (supports S0 S5)
[    0.256011] ACPI: Using IOAPIC for interrupt routing
[    0.260066] PCI: Using host bridge windows from ACPI; if necessary, use "pci=nocrs" and report a bug
[    0.264209] ACPI: Enabled 2 GPEs in block 00 to 07
[    0.278164] ACPI: PCI Root Bridge [PCI0] (domain 0000 [bus 00-ff])
[    0.280026] acpi PNP0A03:00: _OSC: OS supports [ASPM ClockPM Segments MSI]
[    0.284069] acpi PNP0A03:00: _OSC: not requesting OS control; OS requires [ExtendedConfig ASPM ClockPM MSI]
[    0.288041] acpi PNP0A03:00: fail to add MMCONFIG information, can't access extended PCI configuration space under this bridge.
[    0.296081] PCI host bridge to bus 0000:00
[    0.300018] pci_bus 0000:00: root bus resource [io  0x0000-0x0cf7 window]
[    0.304014] pci_bus 0000:00: root bus resource [io  0x0d00-0xffff window]
[    0.308016] pci_bus 0000:00: root bus resource [mem 0x000a0000-0x000bffff window]
[    0.309824] pci_bus 0000:00: root bus resource [mem 0x40000000-0xffdfffff window]
[    0.312018] pci_bus 0000:00: root bus resource [bus 00-ff]
[    0.318260] pci 0000:00:01.1: legacy IDE quirk: reg 0x10: [io  0x01f0-0x01f7]
[    0.320017] pci 0000:00:01.1: legacy IDE quirk: reg 0x14: [io  0x03f6]
[    0.324016] pci 0000:00:01.1: legacy IDE quirk: reg 0x18: [io  0x0170-0x0177]
[    0.328017] pci 0000:00:01.1: legacy IDE quirk: reg 0x1c: [io  0x0376]
[    0.370077] pci 0000:00:07.0: quirk: [io  0x4000-0x403f] claimed by PIIX4 ACPI
[    0.372029] pci 0000:00:07.0: quirk: [io  0x4100-0x410f] claimed by PIIX4 SMB
[    0.389918] ACPI: PCI Interrupt Link [LNKA] (IRQs 5 9 10 *11)
[    0.392501] ACPI: PCI Interrupt Link [LNKB] (IRQs 5 9 10 *11)
[    0.396258] ACPI: PCI Interrupt Link [LNKC] (IRQs 5 9 *10 11)
[    0.400290] ACPI: PCI Interrupt Link [LNKD] (IRQs 5 *9 10 11)
[    0.404875] SCSI subsystem initialized
[    0.408099] pci 0000:00:02.0: vgaarb: setting as boot VGA device
[    0.410961] pci 0000:00:02.0: vgaarb: VGA device added: decodes=io+mem,owns=io+mem,locks=none
[    0.412019] pci 0000:00:02.0: vgaarb: bridge control possible
[    0.416010] vgaarb: loaded
[    0.416807] ACPI: bus type USB registered
[    0.420065] usbcore: registered new interface driver usbfs
[    0.424025] usbcore: registered new interface driver hub
[    0.428049] usbcore: registered new device driver usb
[    0.436042] EDAC MC: Ver: 3.0.0
[    0.440402] PCI: Using ACPI for IRQ routing
[    0.444431] NetLabel: Initializing
[    0.445340] NetLabel:  domain hash size = 128
[    0.448007] NetLabel:  protocols = UNLABELED CIPSOv4 CALIPSO
[    0.452043] NetLabel:  unlabeled traffic allowed by default
[    0.456107] clocksource: Switched to clocksource kvm-clock
[    0.473672] VFS: Disk quotas dquot_6.6.0
[    0.520204] VFS: Dquot-cache hash table entries: 512 (order 0, 4096 bytes)
[    0.525283] AppArmor: AppArmor Filesystem Enabled
[    0.552118] pnp: PnP ACPI init
[    0.561850] pnp: PnP ACPI: found 3 devices
[    0.603123] clocksource: acpi_pm: mask: 0xffffff max_cycles: 0xffffff, max_idle_ns: 2085701024 ns
[    0.707274] NET: Registered protocol family 2
[    0.709541] TCP established hash table entries: 8192 (order: 4, 65536 bytes)
[    0.717474] TCP bind hash table entries: 8192 (order: 5, 131072 bytes)
[    0.738216] TCP: Hash tables configured (established 8192 bind 8192)
[    0.747884] UDP hash table entries: 512 (order: 2, 16384 bytes)
[    0.749393] UDP-Lite hash table entries: 512 (order: 2, 16384 bytes)
[    0.768113] NET: Registered protocol family 1
[    0.798624] pci 0000:00:00.0: Limiting direct PCI/PCI transfers
[    0.800120] pci 0000:00:01.0: Activating ISA DMA hang workarounds
[    0.801651] pci 0000:00:02.0: Video device with shadowed ROM at [mem 0x000c0000-0x000dffff]
[    0.809176] Unpacking initramfs...
[    1.097579] Freeing initrd memory: 18840K
[    1.103975] platform rtc_cmos: registered platform RTC device (no PNP device found)
[    1.125132] Scanning for low memory corruption every 60 seconds
[    1.141869] Initialise system trusted keyrings
[    1.172973] Key type blacklist registered
[    1.174167] workingset: timestamp_bits=36 max_order=18 bucket_order=0
[    1.183067] zbud: loaded
[    1.209800] squashfs: version 4.0 (2009/01/31) Phillip Lougher
[    1.268085] fuse init (API version 7.26)
[    1.279433] Key type asymmetric registered
[    1.308518] Asymmetric key parser 'x509' registered
[    1.311816] Block layer SCSI generic (bsg) driver version 0.4 loaded (major 246)
[    1.322610] io scheduler noop registered
[    1.340443] io scheduler deadline registered
[    1.358732] io scheduler cfq registered (default)
[    1.386176] ACPI: AC Adapter [AC] (on-line)
[    1.388299] input: Power Button as /devices/LNXSYSTM:00/LNXPWRBN:00/input/input0
[    1.407551] ACPI: Power Button [PWRF]
[    1.409837] input: Sleep Button as /devices/LNXSYSTM:00/LNXSLPBN:00/input/input1
[    1.412980] ACPI: Sleep Button [SLPF]
[    1.455249] ACPI: Battery Slot [BAT0] (battery present)
[    1.612142] Serial: 8250/16550 driver, 32 ports, IRQ sharing enabled
[    1.636039] 00:02: ttyS0 at I/O 0x3f8 (irq = 4, base_baud = 115200) is a 16550A
[    1.675757] Linux agpgart interface v0.103
[    1.704427] loop: module loaded
[    1.717231] scsi host0: ata_piix
[    1.723509] scsi host1: ata_piix
[    1.726746] ata1: PATA max UDMA/33 cmd 0x1f0 ctl 0x3f6 bmdma 0xd000 irq 14
[    1.806462] ata2: PATA max UDMA/33 cmd 0x170 ctl 0x376 bmdma 0xd008 irq 15
[    1.808001] libphy: Fixed MDIO Bus: probed
[    1.810044] tun: Universal TUN/TAP device driver, 1.6
[    1.811366] PPP generic driver version 2.4.2
[    1.813633] ehci_hcd: USB 2.0 'Enhanced' Host Controller (EHCI) Driver
[    1.851812] ehci-pci: EHCI PCI platform driver
[    1.887883] ehci-platform: EHCI generic platform driver
[    1.920678] ohci_hcd: USB 1.1 'Open' Host Controller (OHCI) Driver
[    1.971287] ohci-pci: OHCI PCI platform driver
[    1.972384] ohci-platform: OHCI generic platform driver
[    1.984985] uhci_hcd: USB Universal Host Controller Interface driver
[    1.993854] i8042: PNP: PS/2 Controller [PNP0303:PS2K,PNP0f03:PS2M] at 0x60,0x64 irq 1,12
[    2.054371] serio: i8042 KBD port at 0x60,0x64 irq 1
[    2.060981] serio: i8042 AUX port at 0x60,0x64 irq 12
[    2.082488] mousedev: PS/2 mouse device common for all mice
[    2.095391] input: AT Translated Set 2 keyboard as /devices/platform/i8042/serio0/input/input2
[    2.098648] rtc_cmos rtc_cmos: rtc core: registered rtc_cmos as rtc0
[    2.111480] tsc: Refined TSC clocksource calibration: 2494.680 MHz
[    2.111492] clocksource: tsc: mask: 0xffffffffffffffff max_cycles: 0x23f59829d69, max_idle_ns: 440795305626 ns
[    2.333175] rtc_cmos rtc_cmos: alarms up to one day, 114 bytes nvram
[    2.417985] i2c /dev entries driver
[    2.432128] device-mapper: uevent: version 1.0.3
[    2.434698] device-mapper: ioctl: 4.37.0-ioctl (2017-09-20) initialised: dm-devel@redhat.com
[    2.472535] ledtrig-cpu: registered to indicate activity on CPUs
[    2.481529] NET: Registered protocol family 10
[    2.502182] Segment Routing with IPv6
[    2.524832] NET: Registered protocol family 17
[    2.552191] Key type dns_resolver registered
[    2.592687] RAS: Correctable Errors collector initialized.
[    2.595308] sched_clock: Marking stable (2592611317, 0)->(4411996414, -1819385097)
[    2.610463] registered taskstats version 1
[    2.625094] Loading compiled-in X.509 certificates
[    2.631170] Loaded X.509 cert 'Build time autogenerated kernel key: f4ad6a5babf67650e4ceb385fa5dda8e4a178208'
[    2.685818] zswap: loaded using pool lzo/zbud
[    2.709672] Key type big_key registered
[    2.762926] Key type trusted registered
[    2.782827] Key type encrypted registered
[    2.806386] AppArmor: AppArmor sha1 policy hashing enabled
[    2.811701] ima: No TPM chip found, activating TPM-bypass! (rc=-19)
[    2.841547] evm: HMAC attrs: 0x1
[    2.853727]   Magic number: 2:442:172
[    2.872290] rtc_cmos rtc_cmos: setting system clock to 2018-05-25 09:09:03 UTC (1527239343)
[    2.890258] BIOS EDD facility v0.16 2004-Jun-25, 0 devices found
[    2.942956] EDD information not available.
[    2.962694] Freeing unused kernel memory: 2404K
[    2.982368] Write protecting the kernel read-only data: 20480k
[    3.092930] Freeing unused kernel memory: 2008K
[    3.276440] Freeing unused kernel memory: 1904K
[    3.471186] x86/mm: Checked W+X mappings: passed, no W+X pages found.
[    3.493232] x86/mm: Checking user space page tables
[    3.514009] x86/mm: Checked W+X mappings: passed, no W+X pages found.
Loading, please wait...
starting version 237
[    3.677817] e1000: Intel(R) PRO/1000 Network Driver - version 7.3.21-k8-NAPI
[    3.680768] e1000: Copyright (c) 1999-2006 Intel Corporation.
[    3.694918] Fusion MPT base driver 3.04.20
[    3.704367] Copyright (c) 1999-2008 LSI Corporation
[    3.758540] Fusion MPT SPI Host driver 3.04.20
[    3.782814] AVX version of gcm_enc/dec engaged.
[    3.795401] AES CTR mode by8 optimization enabled
[    4.031160] input: ImExPS/2 Generic Explorer Mouse as /devices/platform/i8042/serio1/input/input4
[    4.139951] e1000 0000:00:03.0 eth0: (PCI:33MHz:32-bit) 02:64:30:56:7d:5d
[    4.271993] e1000 0000:00:03.0 eth0: Intel(R) PRO/1000 Network Connection
[    4.347652] e1000 0000:00:03.0 enp0s3: renamed from eth0
[    4.348471] mptbase: ioc0: Initiating bringup
[    4.444326] ioc0: LSI53C1030 A0: Capabilities={Initiator}
[    4.786234] scsi host2: ioc0: LSI53C1030 A0, FwRev=00000000h, Ports=1, MaxQ=256, IRQ=20
[    4.988919] scsi 2:0:0:0: Direct-Access     VBOX     HARDDISK         1.0  PQ: 0 ANSI: 5
[    5.089301] scsi target2:0:0: Beginning Domain Validation
[    5.104439] scsi target2:0:0: Domain Validation skipping write tests
[    5.117175] scsi target2:0:0: Ending Domain Validation
[    5.140657] scsi target2:0:0: asynchronous
[    5.146117] scsi 2:0:1:0: Direct-Access     VBOX     HARDDISK         1.0  PQ: 0 ANSI: 5
[    5.190026] scsi target2:0:1: Beginning Domain Validation
[    5.202299] scsi target2:0:1: Domain Validation skipping write tests
[    5.212672] scsi target2:0:1: Ending Domain Validation
[    5.267765] scsi target2:0:1: asynchronous
[    5.284666] sd 2:0:0:0: Attached scsi generic sg0 type 0
[    5.301741] sd 2:0:0:0: [sda] 20971520 512-byte logical blocks: (10.7 GB/10.0 GiB)
[    5.521910] sd 2:0:1:0: Attached scsi generic sg1 type 0
[    5.528567] sd 2:0:0:0: [sda] Write Protect is off
[    5.530608] sd 2:0:0:0: [sda] Incomplete mode parameter data
[    5.530688] sd 2:0:1:0: [sdb] 20480 512-byte logical blocks: (10.5 MB/10.0 MiB)
[    5.546373] sd 2:0:1:0: [sdb] Write Protect is off
[    5.605886] sd 2:0:0:0: [sda] Assuming drive cache: write through
[    5.605918] sd 2:0:1:0: [sdb] Incomplete mode parameter data
[    5.605920] sd 2:0:1:0: [sdb] Assuming drive cache: write through
[    5.645225]  sda: sda1
[    5.667217] sd 2:0:1:0: [sdb] Attached SCSI disk
[    5.678274] sd 2:0:0:0: [sda] Attached SCSI disk
Begin: Loading essential drivers ... [    7.300036] raid6: sse2x1   gen()  7739 MB/s
[    7.352048] raid6: sse2x1   xor()  5643 MB/s
[    7.408064] raid6: sse2x2   gen()  9393 MB/s
[    7.464027] raid6: sse2x2   xor()  5963 MB/s
[    7.536042] raid6: sse2x4   gen() 11752 MB/s
[    7.592057] raid6: sse2x4   xor()  7088 MB/s
[    7.598320] raid6: using algorithm sse2x4 gen() 11752 MB/s
[    7.600566] raid6: .... xor() 7088 MB/s, rmw enabled
[    7.606364] raid6: using ssse3x2 recovery algorithm
[    7.618854] xor: automatically using best checksumming function   avx       
[    7.724934] async_tx: api initialized (async)
done.
Begin: Running /scripts/init-premount ... done.
Begin: Mounting root file system ... Begin: Running /scripts/local-top ... done.
Begin: Running /scripts/local-pr[    7.814170] Btrfs loaded, crc32c=crc32c-intel
emount ... Scanning for Btrfs filesystems
done.
Warning: fsck no[    7.892350] EXT4-fs (sda1): INFO: recovery required on readonly filesystem
t present, so skipping root file system
[    7.905473] EXT4-fs (sda1): write access will be enabled during recovery
[    8.237674] EXT4-fs (sda1): orphan cleanup on readonly fs
[    8.353518] EXT4-fs (sda1): 2 orphan inodes deleted
[    8.356459] EXT4-fs (sda1): recovery complete
[    8.358566] EXT4-fs (sda1): mounted filesystem with ordered data mode. Opts: (null)
done.
Begin: Running /scripts/local-bottom ... done.
Begin: Running /scripts/init-bottom ... done.
[    9.455621] ip_tables: (C) 2000-2006 Netfilter Core Team
[    9.561954] systemd[1]: systemd 237 running in system mode. (+PAM +AUDIT +SELINUX +IMA +APPARMOR +SMACK +SYSVINIT +UTMP +LIBCRYPTSETUP +GCRYPT +GNUTLS +ACL +XZ +LZ4 +SECCOMP +BLKID +ELFUTILS +KMOD -IDN2 +IDN -PCRE2 default-hierarchy=hybrid)
[    9.644269] systemd[1]: Detected virtualization oracle.
[    9.842021] systemd[1]: Detected architecture x86-64.

Welcome to [1mUbuntu 18.04 LTS[0m!

[   10.129881] systemd[1]: Set hostname to <ubuntu-bionic>.
[   10.536241] random: crng init done
[   11.685464] systemd[1]: Created slice User and Session Slice.
[[0;32m  OK  [0m] Created slice User and Session Slice.
[   11.732236] systemd[1]: Reached target User and Group Name Lookups.
[[0;32m  OK  [0m] Reached target User and Group Name Lookups.
[   11.770685] systemd[1]: Set up automount Arbitrary Executable File Formats File System Automount Point.
[[0;32m  OK  [0m] Set up automount Arbitrary Executab…rmats File System Automount Point.
[   11.825305] systemd[1]: Created slice System Slice.
[[0;32m  OK  [0m] Created slice System Slice.
[   11.847466] systemd[1]: Listening on LVM2 poll daemon socket.
[[0;32m  OK  [0m] Listening on LVM2 poll daemon socket.
[   11.852420] systemd[1]: Listening on Syslog Socket.
[[0;32m  OK  [0m] Listening on Syslog Socket.
[[0;32m  OK  [0m] Listening on udev Control Socket.
[[0;32m  OK  [0m] Listening on Network Service Netlink Socket.
[[0;32m  OK  [0m] Reached target Slices.
[[0;32m  OK  [0m] Listening on LVM2 metadata daemon socket.
[[0;32m  OK  [0m] Listening on Journal Audit Socket.
[[0;32m  OK  [0m] Listening on Journal Socket.
         Starting Create list of required st…ce nodes for the current kernel...
         Starting Uncomplicated firewall...
         Mounting Kernel Debug File System...
         Starting Load Kernel Modules...
         Mounting POSIX Message Queue File System...
[[0;32m  OK  [0m] Listening on Device-mapper event daemon FIFOs.
         Starting Monitoring of LVM2 mirrors…ng dmeventd or progress polling...
         Starting Set the consol[   12.341300] Loading iSCSI transport class v2.0-870.
e keyboard layout...
         Starting Remount Root and Kernel File Systems...
         Mounting Huge Pages File System...
[[0;32m  OK  [0m] Listening on Journal Socket (/dev/log).
         Starting Journal Service...
[[0;32m  OK  [0m] Started Forward Password Requests to Wall Directory Watch.
[[0;32m  OK  [0m] Listening on udev Kernel Socket.
         Starting udev Coldplug all Devices...
[[0;32m  OK  [0m] Reached target Swap.
[   12.498773] iscsi: registered transport (tcp)
[[0;32m  OK  [0m] Reached target System Time Synchronized.
[[0;32m  OK  [0m] Listening on /dev/initctl Compatibility Named Pipe.
[[0;32m  OK  [0m] Created slice system-serial\x2dgetty.slice.
[[0;32m  OK  [0m] Started Journal Service.
[[0;32m  OK  [0m] Started Create list of required sta…vice nodes for the current kernel.
[[0;32m  OK  [0m] Started Uncomplicated firewall.
         Startin[   12.751479] iscsi: registered transport (iser)
g Create Static Device Nodes in /dev...
[[0;32m  OK  [0m] Started Load Kernel Modules.
[[0;32m  OK  [0m] Started udev Coldplug all Devices.
         Starting Apply Kernel Variables...
         Mounting Kernel Configuration File System...
         Mounting FUSE Control File System...
[[0;32m  OK  [0m] Started Create Static Device Nodes in /dev.
[[0;32m  OK  [0m] Mounted Kernel Debug File System.
[[0;32m  OK  [0m] Mounted POSIX Message Queue File System.
[[0;32m  OK  [0m] Mounted Huge Pages File System.
[[0;32m  OK  [0m] Mounted Kernel Configuration File System.
[[0;32m  OK  [0m] Started Apply Kernel Variables.
[[0;32m  OK  [0m] Mounted FUSE Control File System.
[[0;32m  OK  [0m] Started Remount Root and Kernel File Systems.
[[0;32m  OK  [0m] Started LVM2 metadata daemon.
         Starting udev Kernel Device Manager...
         Starting Initial cloud-init job (pre-networking)...
         Starting Flush Journal to Persistent Storage...
         Starting Load/Save Random Seed...
[[0;32m  OK  [0m] Started Set the console keyboard layout.
[[0;32m  OK  [0m] Started Monitoring of LVM2 mirrors,…sing dmeventd or progress polling.
[[0;32m  OK  [0m] Reached target Local File Systems (Pre).
[[0;32m  OK  [0m] Reached target Local File Systems.
         Starting Tell Plymouth To Write Out Runtime Data...
         Starting ebtables ruleset management...
         Starting AppArmor initialization...
         Starting Set console font and keymap...
[[0;32m  OK  [0m] Started Load/Save Random Seed.
[[0;32m  OK  [0m] Started Tell Plymouth To Write Out Runtime Data.
[[0;32m  OK  [0m] Started Set console font and keymap.
[[0;32m  OK  [0m] Started udev Kernel Device Manager.
[[0;32m  OK  [0m] Started Dispatch Password Requests to Console Directory Watch.
[[0;32m  OK  [0m] Reached target Local Encrypted Volumes.
[[0;32m  OK  [0m] Started Flush Journal to Persistent Storage.
[[0;32m  OK  [0m] Found device /dev/ttyS0.
         Starting Create Volatile Files and Directories...
[[0;32m  OK  [0m] Started ebtables ruleset management.
[[0;32m  OK  [0m] Started Create Volatile Files and Directories.
         Starting Update UTMP about System Boot/Shutdown...
[[0;32m  OK  [0m] Listening on Load/Save RF Kill Switch Status /dev/rfkill Watch.
[[0;32m  OK  [0m] Started Update UTMP about System Boot/Shutdown.
[[0;32m  OK  [0m] Started AppArmor initialization.
[   20.284324] cloud-init[423]: Cloud-init v. 18.2 running 'init-local' at Fri, 25 May 2018 09:09:20 +0000. Up 19.83 seconds.
[[0;32m  OK  [0m] Started Initial cloud-init job (pre-networking).
[[0;32m  OK  [0m] Reached target Network (Pre).
         Starting Network Service...
[[0;32m  OK  [0m] Started Network Service.
         Starting Network Name Resolution...
         Starting Wait for Network to be Configured...
[[0;32m  OK  [0m] Started Network Name Resolution.
[[0;32m  OK  [0m] Reached target Host and Network Name Lookups.
[[0;32m  OK  [0m] Reached target Network.
[[0;32m  OK  [0m] Started Wait for Network to be Configured.
         Starting Initial cloud-init job (metadata service crawler)...
[   23.855104] cloud-init[706]: Cloud-init v. 18.2 running 'init' at Fri, 25 May 2018 09:09:23 +0000. Up 22.73 seconds.
[[0;32m  OK  [0m] Started Initial cloud-init job (metadata service crawler).
[[0;32m  OK  [0m] Reached target Network is Online.
[   23.994721] cloud-init[706]: ci-info: ++++++++++++++++++++++++++++++++++++++Net device info++++++++++++++++++++++++++++++++++++++
         Starting iSCSI initiator daemon (iscsid)...
[   24.097260] [cloud-init[0;32m  OK  [0m[706]: ] ci-info: +--------+------+----------------------------+---------------+--------+-------------------+Reached target Cloud-config availability.

[[0;32m  OK  [0m] Reached target System Initialization.
[   24.134911] cloud-init[706]: ci-info: | Device |  Up  |          Address           |      Mask     | Scope  |     Hw-Address    |
[   24.165771] cloud-init[706]: ci-info: +--------+------+----------------------------+---------------+--------+-------------------+
[[0;32m  OK  [0m] Started Daily apt download activities.
[   24.184245] cloud-init[706]: ci-info: | enp0s3 | True |         10.0.2.15          | 255.255.255.0 | global | 02:64:30:56:7d:5d |
[[0;32m  OK  [0m] Started Message of the Day.
[   24.221135] cloud-init[706]: ci-info: | enp0s3 | True | fe80::64:30ff:fe56:7d5d/64 |       .       |  link  | 02:64:30:56:7d:5d |
[[0;32m  OK  [0m] Started ACPI Events Check.
[   24.284716] [cloud-init[0;32m  OK  [0m[706]: ] ci-info: |   lo   | True |         127.0.0.1          |   255.0.0.0   |  host  |         .         |Reached target Paths.

[[0;32m  OK  [0m] Listening on UUID daemon activation socket.
[   24.397891] cloud-init[706]: ci-info: |   lo   | True |          ::1/128           |       .       |  host  |         .         |
         Starting Socket activation for snappy daemon.
[   24.454089] cloud-init[706]: ci-info: +--------+------+----------------------------+---------------+--------+-------------------+
         Starting LXD - unix socket.
[[0;32m  OK  [0m] Listening on ACPID Listen Socket.
[[0;32m  OK  [0m] Started Discard unused blocks once a week.
[[0;32m  OK  [0m] Listening on D-Bus System Message Bus Socket.
[   24.546482] cloud-init[706]: ci-info: ++++++++++++++++++++++++++++Route IPv4 info+++++++++++++++++++++++++++++
[   24.772467] cloud-init[706]: ci-info: +-------+-------------+----------+-----------------+-----------+-------+
[   24.852364] cloud-init[706]: ci-info: | Route | Destination | Gateway  |     Genmask     | Interface | Flags |
[   24.944461] cloud-init[706]: ci-info: +-------+-------------+----------+-----------------+-----------+-------+
[[0;32m  OK  [0m] Started Daily apt upgrade and clean activities.
[[0;32m  OK  [0m] Started Daily Cleanup of Temporary Directories.
[[0;32m  OK  [0m] Started Clean PHP session files every 30 mins.
[[0;32m  OK  [0m] Reached target Timers.
[   25.023473] cloud-init[706]: ci-info: |   0   |   0.0.0.0   | 10.0.2.2 |     0.0.0.0     |   enp0s3  |   UG  |
[[0;32m  OK  [0m] Listening on Socket activation for snappy daemon.
[   25.220866] [cloud-init[0;32m  OK  [0m[706]: ] ci-info: |   1   |   10.0.2.0  | 0.0.0.0  |  255.255.255.0  |   enp0s3  |   U   |Listening on LXD - unix socket.

[[0;32m  OK  [0m] Started iSCSI initiator daemon (iscsid).
[   25.296835] cloud-init[706]: ci-info: |   2   |   10.0.2.2  | 0.0.0.0  | 255.255.255.255 |   enp0s3  |   UH  |
[[0;32m  OK  [0m] Reached target Remote File Systems (Pre).
[   25.440746] [cloud-init[0;32m  OK  [0m[706]: ] ci-info: +-------+-------------+----------+-----------------+-----------+-------+Reached target Remote File Systems.

         Starting Availability of block devices...
[   25.576723] [cloud-init[0;32m  OK  [0m[706]: ] ci-info: +++++++++++++++++++Route IPv6 info+++++++++++++++++++Reached target Sockets.

[[0;32m  OK  [0m] Reached target Basic System.
[   25.688696] cloud-init[706]: ci-info: +-------+-------------+---------+-----------+-------+
         Starting A high performance web server and a reverse proxy server...
[   25.742760] cloud-init[706]: ci-info: | Route | Destination | Gateway | Interface | Flags |         Starting The PHP 7.2 FastCGI Process Manager...

[   25.761304] cloud-init         Starting Accounts Service...
[706]: ci-info: +-------+-------------+---------+-----------+-------+
[   25.770521] cloud-init[706]: ci-info: |   1   |  fe80::/64  |    ::   |   enp0s3  |   U   |
         Starting LSB: automatic crash report generation...
[   25.813676] cloud-init[706]: ci-info: |   3   |    local    |    ::   |   enp0s3  |   U   |
[   25.896802] cloud-init[706]: ci-info: |   4   |   ff00::/8  |    ::   |   enp0s3  |   U   |
[   25.913190] cloud-init[706]: ci-info: +-------+-------------+---------+-----------+-------+
         Starting Permit User Sessions...
         Starting Virtualbox guest utils...
         Starting OpenBSD Secure Shell server...
         Starting Dispatcher daemon for systemd-networkd...
[[0;32m  OK  [0m] Started FUSE filesystem for LXC.
         Starting Apply the settings specified in cloud-config...
         Starting LXD - container startup/shutdown...
         Starting Snappy daemon...
         Starting Resets System Activity Data Collector...
[[0;32m  OK  [0m] Started Regular background program processing daemon.
         Starting Clean php session files...
         Starting Login Service...
         Starting LSB: Record successful boot for GRUB...
[[0;32m  OK  [0m] Started irqbalance daemon.
[[0;32m  OK  [0m] Started Unattended Upgrades Shutdown.
[[0;32m  OK  [0m] Started Deferred execution scheduler.
[[0;32m  OK  [0m] Started D-Bus System Message Bus.
[   29.324550] cloud-init[913]: Cloud-init v. 18.2 running 'modules:config' at Fri, 25 May 2018 09:09:28 +0000. Up 27.86 seconds.
[[0;32m  OK  [0m] Started Login Service.
         Starting System Logging Service...
         Starting chrony, an NTP client/server...
[[0;32m  OK  [0m] Started Dispatcher daemon for systemd-networkd.
[[0;32m  OK  [0m] Started Availability of block devices.
[[0;32m  OK  [0m] Started Permit User Sessions.
[[0;32m  OK  [0m] Started Apply the settings specified in cloud-config.
[[0;32m  OK  [0m] Started Resets System Activity Data Collector.
[[0;32m  OK  [0m] Started OpenBSD Secure Shell server.
         Starting Authorization Manager...
         Starting Terminate Plymouth Boot Screen...
         Starting Hold until boot process finishes up...
[[0;32m  OK  [0m] Started Terminate Plymouth Boot Screen.
[[0;32m  OK  [0m] Started Hold until boot process finishes up.
         Starting Set console scheme...
[[0;32m  OK  [0m] Started Serial Getty on ttyS0.
[[0;32m  OK  [0m] Started LSB: automatic crash report generation.
[[0;32m  OK  [0m] Started Set console scheme.
[[0;32m  OK  [0m] Created slice system-getty.slice.
[[0;32m  OK  [0m] Started Getty on tty1.
[[0;32m  OK  [0m] Reached target Login Prompts.
[[0;32m  OK  [0m] Started A high performance web server and a reverse proxy server.
[[0;32m  OK  [0m] Started System Logging Service.
[[0;32m  OK  [0m] Started LSB: Record successful boot for GRUB.
[[0;32m  OK  [0m] Started chrony, an NTP client/server.
[[0;32m  OK  [0m] Started Authorization Manager.
[[0;32m  OK  [0m] Started Accounts Service.
[[0;32m  OK  [0m] Started Virtualbox guest utils.
[[0;32m  OK  [0m] Started Snappy daemon.
[[0;32m  OK  [0m] Created slice User Slice of vagrant.
         Starting User Manager for UID 1000...
[[0;32m  OK  [0m] Started Session 1 of user vagrant.
[[0;32m  OK  [0m] Started The PHP 7.2 FastCGI Process Manager.
[[0;32m  OK  [0m] Started LXD - container startup/shutdown.
[[0;32m  OK  [0m] Reached target Multi-User System.
         Starting Execute cloud user/final scripts...
[[0;32m  OK  [0m] Reached target Graphical Interface.
         Starting Update UTMP about System Runlevel Changes...
[[0;32m  OK  [0m] Started User Manager for UID 1000.
[[0;32m  OK  [0m] Started Update UTMP about System Runlevel Changes.
[[0;32m  OK  [0m] Started Clean php session files.
[   34.609403] cloud-init[1363]: Cloud-init v. 18.2 running 'modules:final' at Fri, 25 May 2018 09:09:34 +0000. Up 34.30 seconds.
[   34.629345] cloud-init[1363]: Cloud-init v. 18.2 finished at Fri, 25 May 2018 09:09:35 +0000. Datasource DataSourceNoCloud [seed=/dev/sdb][dsmode=net].  Up 34.56 seconds
[[0;32m  OK  [0m] Started Execute cloud user/final scripts.
[[0;32m  OK  [0m] Reached target Cloud-init target.
         Starting Daily apt download activities...

Ubuntu 18.04 LTS ubuntu-bionic ttyS0

ubuntu-bionic login: [[0;32m  OK  [0m] Started Daily apt upgrade and clean activities.
