[    0.000000] Linux version 4.15.0-20-generic (buildd@lgw01-amd64-039) (gcc version 7.3.0 (Ubuntu 7.3.0-16ubuntu3)) #21-Ubuntu SMP Tue Apr 24 06:16:15 UTC 2018 (Ubuntu 4.15.0-20.21-generic 4.15.17)
[    0.000000] Command line: BOOT_IMAGE=/boot/vmlinuz-4.15.0-20-generic root=LABEL=cloudimg-rootfs ro console=tty1 console=ttyS0
[    0.000000] KERNEL supported cpus:
[    0.000000]   Intel GenuineIntel
[    0.000000]   AMD AuthenticAMD
[    0.000000]   Centaur CentaurHauls
[    0.000000] x86/fpu: Supporting XSAVE feature 0x001: 'x87 floating point registers'
[    0.000000] x86/fpu: Supporting XSAVE feature 0x002: 'SSE registers'
[    0.000000] x86/fpu: Supporting XSAVE feature 0x004: 'AVX registers'
[    0.000000] x86/fpu: xstate_offset[2]:  576, xstate_sizes[2]:  256
[    0.000000] x86/fpu: Enabled xstate features 0x7, context size is 832 bytes, using 'standard' format.
[    0.000000] e820: BIOS-provided physical RAM map:
[    0.000000] BIOS-e820: [mem 0x0000000000000000-0x000000000009fbff] usable
[    0.000000] BIOS-e820: [mem 0x000000000009fc00-0x000000000009ffff] reserved
[    0.000000] BIOS-e820: [mem 0x00000000000f0000-0x00000000000fffff] reserved
[    0.000000] BIOS-e820: [mem 0x0000000000100000-0x000000003ffeffff] usable
[    0.000000] BIOS-e820: [mem 0x000000003fff0000-0x000000003fffffff] ACPI data
[    0.000000] BIOS-e820: [mem 0x00000000fec00000-0x00000000fec00fff] reserved
[    0.000000] BIOS-e820: [mem 0x00000000fee00000-0x00000000fee00fff] reserved
[    0.000000] BIOS-e820: [mem 0x00000000fffc0000-0x00000000ffffffff] reserved
[    0.000000] NX (Execute Disable) protection: active
[    0.000000] random: fast init done
[    0.000000] SMBIOS 2.5 present.
[    0.000000] DMI: innotek GmbH VirtualBox/VirtualBox, BIOS VirtualBox 12/01/2006
[    0.000000] Hypervisor detected: KVM
[    0.000000] e820: last_pfn = 0x3fff0 max_arch_pfn = 0x400000000
[    0.000000] MTRR: Disabled
[    0.000000] x86/PAT: MTRRs disabled, skipping PAT initialization too.
[    0.000000] CPU MTRRs all blank - virtualized system.
[    0.000000] x86/PAT: Configuration [0-7]: WB  WT  UC- UC  WB  WT  UC- UC  
[    0.000000] found SMP MP-table at [mem 0x0009fff0-0x0009ffff] mapped at [        (ptrval)]
[    0.000000] Scanning 1 areas for low memory corruption
[    0.000000] RAMDISK: [mem 0x35b23000-0x36d88fff]
[    0.000000] ACPI: Early table checksum verification disabled
[    0.000000] ACPI: RSDP 0x00000000000E0000 000024 (v02 VBOX  )
[    0.000000] ACPI: XSDT 0x000000003FFF0030 00003C (v01 VBOX   VBOXXSDT 00000001 ASL  00000061)
[    0.000000] ACPI: FACP 0x000000003FFF00F0 0000F4 (v04 VBOX   VBOXFACP 00000001 ASL  00000061)
[    0.000000] ACPI: DSDT 0x000000003FFF0470 0021FF (v02 VBOX   VBOXBIOS 00000002 INTL 20160108)
[    0.000000] ACPI: FACS 0x000000003FFF0200 000040
[    0.000000] ACPI: FACS 0x000000003FFF0200 000040
[    0.000000] ACPI: APIC 0x000000003FFF0240 00005C (v02 VBOX   VBOXAPIC 00000001 ASL  00000061)
[    0.000000] ACPI: SSDT 0x000000003FFF02A0 0001CC (v01 VBOX   VBOXCPUT 00000002 INTL 20160108)
[    0.000000] No NUMA configuration found
[    0.000000] Faking a node at [mem 0x0000000000000000-0x000000003ffeffff]
[    0.000000] NODE_DATA(0) allocated [mem 0x3ffc5000-0x3ffeffff]
[    0.000000] kvm-clock: cpu 0, msr 0:3ff44001, primary cpu clock
[    0.000000] kvm-clock: Using msrs 4b564d01 and 4b564d00
[    0.000000] kvm-clock: using sched offset of 3727153308 cycles
[    0.000000] clocksource: kvm-clock: mask: 0xffffffffffffffff max_cycles: 0x1cd42e4dffb, max_idle_ns: 881590591483 ns
[    0.000000] Zone ranges:
[    0.000000]   DMA      [mem 0x0000000000001000-0x0000000000ffffff]
[    0.000000]   DMA32    [mem 0x0000000001000000-0x000000003ffeffff]
[    0.000000]   Normal   empty
[    0.000000]   Device   empty
[    0.000000] Movable zone start for each node
[    0.000000] Early memory node ranges
[    0.000000]   node   0: [mem 0x0000000000001000-0x000000000009efff]
[    0.000000]   node   0: [mem 0x0000000000100000-0x000000003ffeffff]
[    0.000000] Initmem setup node 0 [mem 0x0000000000001000-0x000000003ffeffff]
[    0.000000] Reserved but unavailable: 98 pages
[    0.000000] ACPI: PM-Timer IO Port: 0x4008
[    0.000000] IOAPIC[0]: apic_id 2, version 32, address 0xfec00000, GSI 0-23
[    0.000000] ACPI: INT_SRC_OVR (bus 0 bus_irq 0 global_irq 2 dfl dfl)
[    0.000000] ACPI: INT_SRC_OVR (bus 0 bus_irq 9 global_irq 9 high level)
[    0.000000] Using ACPI (MADT) for SMP configuration information
[    0.000000] smpboot: Allowing 2 CPUs, 0 hotplug CPUs
[    0.000000] PM: Registered nosave memory: [mem 0x00000000-0x00000fff]
[    0.000000] PM: Registered nosave memory: [mem 0x0009f000-0x0009ffff]
[    0.000000] PM: Registered nosave memory: [mem 0x000a0000-0x000effff]
[    0.000000] PM: Registered nosave memory: [mem 0x000f0000-0x000fffff]
[    0.000000] e820: [mem 0x40000000-0xfebfffff] available for PCI devices
[    0.000000] Booting paravirtualized kernel on KVM
[    0.000000] clocksource: refined-jiffies: mask: 0xffffffff max_cycles: 0xffffffff, max_idle_ns: 7645519600211568 ns
[    0.000000] setup_percpu: NR_CPUS:8192 nr_cpumask_bits:2 nr_cpu_ids:2 nr_node_ids:1
[    0.000000] percpu: Embedded 46 pages/cpu @        (ptrval) s151552 r8192 d28672 u1048576
[    0.000000] PV qspinlock hash table entries: 256 (order: 0, 4096 bytes)
[    0.000000] Built 1 zonelists, mobility grouping on.  Total pages: 257913
[    0.000000] Policy zone: DMA32
[    0.000000] Kernel command line: BOOT_IMAGE=/boot/vmlinuz-4.15.0-20-generic root=LABEL=cloudimg-rootfs ro console=tty1 console=ttyS0
[    0.000000] Memory: 983748K/1048120K available (12300K kernel code, 2470K rwdata, 4240K rodata, 2404K init, 2416K bss, 64372K reserved, 0K cma-reserved)
[    0.000000] SLUB: HWalign=64, Order=0-3, MinObjects=0, CPUs=2, Nodes=1
[    0.000000] Kernel/User page tables isolation: enabled
[    0.000000] ftrace: allocating 39065 entries in 153 pages
[    0.004000] Hierarchical RCU implementation.
[    0.004000] 	RCU restricting CPUs from NR_CPUS=8192 to nr_cpu_ids=2.
[    0.004000] 	Tasks RCU enabled.
[    0.004000] RCU: Adjusting geometry for rcu_fanout_leaf=16, nr_cpu_ids=2
[    0.004000] NR_IRQS: 524544, nr_irqs: 440, preallocated irqs: 16
[    0.004000] Console: colour VGA+ 80x25
[    0.004000] console [tty1] enabled
[    0.004000] console [ttyS0] enabled
[    0.004000] ACPI: Core revision 20170831
[    0.004000] ACPI: 2 ACPI AML tables successfully acquired and loaded
[    0.004000] APIC: Switch to symmetric I/O mode setup
[    0.004000] x2apic enabled
[    0.004000] Switched APIC routing to physical x2apic.
[    0.004000] ..TIMER: vector=0x30 apic1=0 pin1=2 apic2=-1 pin2=-1
[    0.004007] tsc: Detected 2494.336 MHz processor
[    0.004697] Calibrating delay loop (skipped) preset value.. 4988.67 BogoMIPS (lpj=9977344)
[    0.005218] pid_max: default: 32768 minimum: 301
[    0.005940] Security Framework initialized
[    0.006579] Yama: becoming mindful.
[    0.008029] AppArmor: AppArmor initialized
[    0.009397] Dentry cache hash table entries: 131072 (order: 8, 1048576 bytes)
[    0.012108] Inode-cache hash table entries: 65536 (order: 7, 524288 bytes)
[    0.016018] Mount-cache hash table entries: 2048 (order: 2, 16384 bytes)
[    0.020009] Mountpoint-cache hash table entries: 2048 (order: 2, 16384 bytes)
[    0.022817] CPU: Physical Processor ID: 0
[    0.023672] CPU: Processor Core ID: 0
[    0.024023] mce: CPU supports 0 MCE banks
[    0.024879] Last level iTLB entries: 4KB 512, 2MB 8, 4MB 8
[    0.026001] Last level dTLB entries: 4KB 512, 2MB 32, 4MB 32, 1GB 0
[    0.027263] Spectre V2 : Mitigation: Full generic retpoline
[    0.028123] Freeing SMP alternatives memory: 36K
[    0.032000] smpboot: CPU0: Intel(R) Core(TM) i5-3210M CPU @ 2.50GHz (family: 0x6, model: 0x3a, stepping: 0x9)
[    0.032124] Performance Events: unsupported p6 CPU model 58 no PMU driver, software events only.
[    0.036066] Hierarchical SRCU implementation.
[    0.041004] NMI watchdog: Perf event create on CPU 0 failed with -2
[    0.044007] NMI watchdog: Perf NMI watchdog permanently disabled
[    0.048140] smp: Bringing up secondary CPUs ...
[    0.052163] x86: Booting SMP configuration:
[    0.056018] .... node  #0, CPUs:      #1
[    0.004000] kvm-clock: cpu 1, msr 0:3ff44041, secondary cpu clock
[    0.004000] mce: CPU supports 0 MCE banks
[    0.064031] smp: Brought up 1 node, 2 CPUs
[    0.064639] smpboot: Max logical packages: 1
[    0.065275] smpboot: Total of 2 processors activated (9977.34 BogoMIPS)
[    0.066372] devtmpfs: initialized
[    0.066372] x86/mm: Memory block size: 128MB
[    0.068190] evm: security.selinux
[    0.068720] evm: security.SMACK64
[    0.069242] evm: security.SMACK64EXEC
[    0.069859] evm: security.SMACK64TRANSMUTE
[    0.070474] evm: security.SMACK64MMAP
[    0.071034] evm: security.apparmor
[    0.071575] evm: security.ima
[    0.072003] evm: security.capability
[    0.072625] clocksource: jiffies: mask: 0xffffffff max_cycles: 0xffffffff, max_idle_ns: 7645041785100000 ns
[    0.073405] futex hash table entries: 512 (order: 3, 32768 bytes)
[    0.074346] pinctrl core: initialized pinctrl subsystem
[    0.076634] RTC time: 14:08:40, date: 05/23/18
[    0.080234] NET: Registered protocol family 16
[    0.080989] audit: initializing netlink subsys (disabled)
[    0.081813] audit: type=2000 audit(1527084525.413:1): state=initialized audit_enabled=0 res=1
[    0.084020] cpuidle: using governor ladder
[    0.084670] cpuidle: using governor menu
[    0.088047] ACPI: bus type PCI registered
[    0.088661] acpiphp: ACPI Hot Plug PCI Controller Driver version: 0.5
[    0.089654] PCI: Using configuration type 1 for base access
[    0.090502] HugeTLB registered 2.00 MiB page size, pre-allocated 0 pages
[    0.092167] ACPI: Added _OSI(Module Device)
[    0.096005] ACPI: Added _OSI(Processor Device)
[    0.096704] ACPI: Added _OSI(3.0 _SCP Extensions)
[    0.097400] ACPI: Added _OSI(Processor Aggregator Device)
[    0.098455] ACPI: Executed 1 blocks of module-level executable AML code
[    0.103731] ACPI: Interpreter enabled
[    0.104022] ACPI: (supports S0 S5)
[    0.104556] ACPI: Using IOAPIC for interrupt routing
[    0.105552] PCI: Using host bridge windows from ACPI; if necessary, use "pci=nocrs" and report a bug
[    0.108167] ACPI: Enabled 2 GPEs in block 00 to 07
[    0.115649] ACPI: PCI Root Bridge [PCI0] (domain 0000 [bus 00-ff])
[    0.116010] acpi PNP0A03:00: _OSC: OS supports [ASPM ClockPM Segments MSI]
[    0.116998] acpi PNP0A03:00: _OSC: not requesting OS control; OS requires [ExtendedConfig ASPM ClockPM MSI]
[    0.118396] acpi PNP0A03:00: fail to add MMCONFIG information, can't access extended PCI configuration space under this bridge.
[    0.120398] PCI host bridge to bus 0000:00
[    0.124006] pci_bus 0000:00: root bus resource [io  0x0000-0x0cf7 window]
[    0.124994] pci_bus 0000:00: root bus resource [io  0x0d00-0xffff window]
[    0.126018] pci_bus 0000:00: root bus resource [mem 0x000a0000-0x000bffff window]
[    0.127122] pci_bus 0000:00: root bus resource [mem 0x40000000-0xffdfffff window]
[    0.128006] pci_bus 0000:00: root bus resource [bus 00-ff]
[    0.130423] pci 0000:00:01.1: legacy IDE quirk: reg 0x10: [io  0x01f0-0x01f7]
[    0.132004] pci 0000:00:01.1: legacy IDE quirk: reg 0x14: [io  0x03f6]
[    0.132922] pci 0000:00:01.1: legacy IDE quirk: reg 0x18: [io  0x0170-0x0177]
[    0.133955] pci 0000:00:01.1: legacy IDE quirk: reg 0x1c: [io  0x0376]
[    0.166405] pci 0000:00:07.0: quirk: [io  0x4000-0x403f] claimed by PIIX4 ACPI
[    0.168025] pci 0000:00:07.0: quirk: [io  0x4100-0x410f] claimed by PIIX4 SMB
[    0.185557] ACPI: PCI Interrupt Link [LNKA] (IRQs 5 9 10 *11)
[    0.188490] ACPI: PCI Interrupt Link [LNKB] (IRQs 5 9 10 *11)
[    0.190723] ACPI: PCI Interrupt Link [LNKC] (IRQs 5 9 *10 11)
[    0.192166] ACPI: PCI Interrupt Link [LNKD] (IRQs 5 *9 10 11)
[    0.193832] SCSI subsystem initialized
[    0.194681] pci 0000:00:02.0: vgaarb: setting as boot VGA device
[    0.194681] pci 0000:00:02.0: vgaarb: VGA device added: decodes=io+mem,owns=io+mem,locks=none
[    0.196006] pci 0000:00:02.0: vgaarb: bridge control possible
[    0.200003] vgaarb: loaded
[    0.200479] ACPI: bus type USB registered
[    0.201105] usbcore: registered new interface driver usbfs
[    0.201899] usbcore: registered new interface driver hub
[    0.202684] usbcore: registered new device driver usb
[    0.204065] EDAC MC: Ver: 3.0.0
[    0.208199] PCI: Using ACPI for IRQ routing
[    0.208934] NetLabel: Initializing
[    0.209522] NetLabel:  domain hash size = 128
[    0.210167] NetLabel:  protocols = UNLABELED CIPSOv4 CALIPSO
[    0.211012] NetLabel:  unlabeled traffic allowed by default
[    0.212158] clocksource: Switched to clocksource kvm-clock
[    0.225915] VFS: Disk quotas dquot_6.6.0
[    0.250972] VFS: Dquot-cache hash table entries: 512 (order 0, 4096 bytes)
[    0.252063] AppArmor: AppArmor Filesystem Enabled
[    0.252829] pnp: PnP ACPI init
[    0.254458] pnp: PnP ACPI: found 3 devices
[    0.264469] clocksource: acpi_pm: mask: 0xffffff max_cycles: 0xffffff, max_idle_ns: 2085701024 ns
[    0.311381] NET: Registered protocol family 2
[    0.312905] TCP established hash table entries: 8192 (order: 4, 65536 bytes)
[    0.333648] TCP bind hash table entries: 8192 (order: 5, 131072 bytes)
[    0.334596] TCP: Hash tables configured (established 8192 bind 8192)
[    0.335593] UDP hash table entries: 512 (order: 2, 16384 bytes)
[    0.336490] UDP-Lite hash table entries: 512 (order: 2, 16384 bytes)
[    0.337426] NET: Registered protocol family 1
[    0.338095] pci 0000:00:00.0: Limiting direct PCI/PCI transfers
[    0.338976] pci 0000:00:01.0: Activating ISA DMA hang workarounds
[    0.339878] pci 0000:00:02.0: Video device with shadowed ROM at [mem 0x000c0000-0x000dffff]
[    0.341211] Unpacking initramfs...
[    0.611548] Freeing initrd memory: 18840K
[    0.633248] platform rtc_cmos: registered platform RTC device (no PNP device found)
[    0.634395] Scanning for low memory corruption every 60 seconds
[    0.636000] Initialise system trusted keyrings
[    0.648781] Key type blacklist registered
[    0.763284] workingset: timestamp_bits=36 max_order=18 bucket_order=0
[    0.954553] zbud: loaded
[    0.978063] squashfs: version 4.0 (2009/01/31) Phillip Lougher
[    0.981483] fuse init (API version 7.26)
[    0.985217] Key type asymmetric registered
[    0.988652] Asymmetric key parser 'x509' registered
[    0.989677] Block layer SCSI generic (bsg) driver version 0.4 loaded (major 246)
[    0.992337] io scheduler noop registered
[    0.993136] io scheduler deadline registered
[    0.994145] io scheduler cfq registered (default)
[    0.997196] ACPI: AC Adapter [AC] (on-line)
[    1.013350] input: Power Button as /devices/LNXSYSTM:00/LNXPWRBN:00/input/input0
[    1.046849] ACPI: Power Button [PWRF]
[    1.047577] input: Sleep Button as /devices/LNXSYSTM:00/LNXSLPBN:00/input/input1
[    1.048692] ACPI: Sleep Button [SLPF]
[    1.050497] ACPI: Battery Slot [BAT0] (battery present)
[    1.060495] Serial: 8250/16550 driver, 32 ports, IRQ sharing enabled
[    1.090396] 00:02: ttyS0 at I/O 0x3f8 (irq = 4, base_baud = 115200) is a 16550A
[    1.093308] Linux agpgart interface v0.103
[    1.100232] loop: module loaded
[    1.108226] scsi host0: ata_piix
[    1.109103] scsi host1: ata_piix
[    1.109783] ata1: PATA max UDMA/33 cmd 0x1f0 ctl 0x3f6 bmdma 0xd000 irq 14
[    1.111047] ata2: PATA max UDMA/33 cmd 0x170 ctl 0x376 bmdma 0xd008 irq 15
[    1.112414] libphy: Fixed MDIO Bus: probed
[    1.113250] tun: Universal TUN/TAP device driver, 1.6
[    1.114237] PPP generic driver version 2.4.2
[    1.161228] ehci_hcd: USB 2.0 'Enhanced' Host Controller (EHCI) Driver
[    1.162179] ehci-pci: EHCI PCI platform driver
[    1.162907] ehci-platform: EHCI generic platform driver
[    1.163942] ohci_hcd: USB 1.1 'Open' Host Controller (OHCI) Driver
[    1.165199] ohci-pci: OHCI PCI platform driver
[    1.166105] ohci-platform: OHCI generic platform driver
[    1.167143] uhci_hcd: USB Universal Host Controller Interface driver
[    1.168463] i8042: PNP: PS/2 Controller [PNP0303:PS2K,PNP0f03:PS2M] at 0x60,0x64 irq 1,12
[    1.172148] serio: i8042 KBD port at 0x60,0x64 irq 1
[    1.173122] serio: i8042 AUX port at 0x60,0x64 irq 12
[    1.174181] mousedev: PS/2 mouse device common for all mice
[    1.175487] input: AT Translated Set 2 keyboard as /devices/platform/i8042/serio0/input/input2
[    1.177727] rtc_cmos rtc_cmos: rtc core: registered rtc_cmos as rtc0
[    1.186807] rtc_cmos rtc_cmos: alarms up to one day, 114 bytes nvram
[    1.188635] i2c /dev entries driver
[    1.189765] device-mapper: uevent: version 1.0.3
[    1.192130] device-mapper: ioctl: 4.37.0-ioctl (2017-09-20) initialised: dm-devel@redhat.com
[    1.193817] ledtrig-cpu: registered to indicate activity on CPUs
[    1.195531] NET: Registered protocol family 10
[    1.203172] Segment Routing with IPv6
[    1.209345] NET: Registered protocol family 17
[    1.210505] Key type dns_resolver registered
[    1.211862] RAS: Correctable Errors collector initialized.
[    1.213134] sched_clock: Marking stable (1213103678, 0)->(2019993357, -806889679)
[    1.215683] registered taskstats version 1
[    1.216661] Loading compiled-in X.509 certificates
[    1.221291] Loaded X.509 cert 'Build time autogenerated kernel key: f4ad6a5babf67650e4ceb385fa5dda8e4a178208'
[    1.225894] zswap: loaded using pool lzo/zbud
[    1.232608] Key type big_key registered
[    1.242514] Key type trusted registered
[    1.246383] Key type encrypted registered
[    1.251407] AppArmor: AppArmor sha1 policy hashing enabled
[    1.252887] ima: No TPM chip found, activating TPM-bypass! (rc=-19)
[    1.254744] evm: HMAC attrs: 0x1
[    1.256062]   Magic number: 2:272:132
[    1.257362] rtc_cmos rtc_cmos: setting system clock to 2018-05-23 14:08:41 UTC (1527084521)
[    1.259576] BIOS EDD facility v0.16 2004-Jun-25, 0 devices found
[    1.276364] EDD information not available.
[    1.293993] Freeing unused kernel memory: 2404K
[    1.304836] Write protecting the kernel read-only data: 20480k
[    1.306740] Freeing unused kernel memory: 2008K
[    1.312370] Freeing unused kernel memory: 1904K
[    1.322920] x86/mm: Checked W+X mappings: passed, no W+X pages found.
[    1.329426] x86/mm: Checking user space page tables
[    1.336305] x86/mm: Checked W+X mappings: passed, no W+X pages found.
Loading, please wait...
starting version 237
[    1.431412] Fusion MPT base driver 3.04.20
[    1.441494] Copyright (c) 1999-2008 LSI Corporation
[    1.443404] e1000: Intel(R) PRO/1000 Network Driver - version 7.3.21-k8-NAPI
[    1.446352] e1000: Copyright (c) 1999-2006 Intel Corporation.
[    1.461027] AVX version of gcm_enc/dec engaged.
[    1.471552] AES CTR mode by8 optimization enabled
[    1.479804] Fusion MPT SPI Host driver 3.04.20
[    1.706101] input: ImExPS/2 Generic Explorer Mouse as /devices/platform/i8042/serio1/input/input4
[    1.758097] tsc: Refined TSC clocksource calibration: 2494.559 MHz
[    1.863551] clocksource: tsc: mask: 0xffffffffffffffff max_cycles: 0x23f525e36ef, max_idle_ns: 440795287045 ns
[    2.078453] e1000 0000:00:03.0 eth0: (PCI:33MHz:32-bit) 02:64:30:56:7d:5d
[    2.092076] e1000 0000:00:03.0 eth0: Intel(R) PRO/1000 Network Connection
[    2.094557] mptbase: ioc0: Initiating bringup
[    2.141534] e1000 0000:00:03.0 enp0s3: renamed from eth0
[    2.236266] ioc0: LSI53C1030 A0: Capabilities={Initiator}
[    2.537173] scsi host2: ioc0: LSI53C1030 A0, FwRev=00000000h, Ports=1, MaxQ=256, IRQ=20
[    2.721298] scsi 2:0:0:0: Direct-Access     VBOX     HARDDISK         1.0  PQ: 0 ANSI: 5
[    2.784209] scsi target2:0:0: Beginning Domain Validation
[    2.823606] scsi target2:0:0: Domain Validation skipping write tests
[    2.831418] scsi target2:0:0: Ending Domain Validation
[    2.832250] scsi target2:0:0: asynchronous
[    2.833400] scsi 2:0:1:0: Direct-Access     VBOX     HARDDISK         1.0  PQ: 0 ANSI: 5
[    2.864081] scsi target2:0:1: Beginning Domain Validation
[    2.874807] scsi target2:0:1: Domain Validation skipping write tests
[    2.876336] scsi target2:0:1: Ending Domain Validation
[    2.901238] scsi target2:0:1: asynchronous
[    2.907215] sd 2:0:0:0: Attached scsi generic sg0 type 0
[    2.909786] sd 2:0:0:0: [sda] 20971520 512-byte logical blocks: (10.7 GB/10.0 GiB)
[    2.911396] sd 2:0:0:0: [sda] Write Protect is off
[    2.912367] sd 2:0:1:0: Attached scsi generic sg1 type 0
[    2.913730] sd 2:0:0:0: [sda] Incomplete mode parameter data
[    2.914827] sd 2:0:0:0: [sda] Assuming drive cache: write through
[    2.916181] sd 2:0:1:0: [sdb] 20480 512-byte logical blocks: (10.5 MB/10.0 MiB)
[    2.917759] sd 2:0:1:0: [sdb] Write Protect is off
[    2.919041] sd 2:0:1:0: [sdb] Incomplete mode parameter data
[    2.921685] sd 2:0:1:0: [sdb] Assuming drive cache: write through
[    2.937454]  sda: sda1
[    2.952458] sd 2:0:0:0: [sda] Attached SCSI disk
[    2.960529] sd 2:0:1:0: [sdb] Attached SCSI disk
Begin: Loading essential drivers ... [    4.492210] raid6: sse2x1   gen()  8890 MB/s
[    4.870566] raid6: sse2x1   xor()  7255 MB/s
[    4.980507] raid6: sse2x2   gen() 10753 MB/s
[    5.080497] raid6: sse2x2   xor()  7659 MB/s
[    5.134610] raid6: sse2x4   gen() 13386 MB/s
[    5.210540] raid6: sse2x4   xor()  9662 MB/s
[    5.221348] raid6: using algorithm sse2x4 gen() 13386 MB/s
[    5.222378] raid6: .... xor() 9662 MB/s, rmw enabled
[    5.223940] raid6: using ssse3x2 recovery algorithm
[    5.293150] xor: automatically using best checksumming function   avx       
[    5.298429] async_tx: api initialized (async)
done.
Begin: Running /scripts/init-premount ... done.
Begin: Mounting root file system ... Begin: Running /scripts/local-top ... done.
Begin: Running /scripts/local-premount ... [    5.361446] Btrfs loaded, crc32c=crc32c-intel
Scanning for Btrfs filesystems
done.
Warning: fsck not present, so skipping root file system
[    5.426718] EXT4-fs (sda1): mounted filesystem with ordered data mode. Opts: (null)
done.
Begin: Running /scripts/local-bottom ... done.
Begin: Running /scripts/init-bottom ... done.
[    6.361575] ip_tables: (C) 2000-2006 Netfilter Core Team
[    6.442394] systemd[1]: systemd 237 running in system mode. (+PAM +AUDIT +SELINUX +IMA +APPARMOR +SMACK +SYSVINIT +UTMP +LIBCRYPTSETUP +GCRYPT +GNUTLS +ACL +XZ +LZ4 +SECCOMP +BLKID +ELFUTILS +KMOD -IDN2 +IDN -PCRE2 default-hierarchy=hybrid)
[    6.463866] systemd[1]: Detected virtualization oracle.
[    6.464969] systemd[1]: Detected architecture x86-64.

Welcome to [1mUbuntu 18.04 LTS[0m!

[    6.493135] systemd[1]: Set hostname to <ubuntu>.
[    6.544493] systemd[1]: Initializing machine ID from random generator.
[    6.552081] systemd[1]: Installed transient /etc/machine-id file.
[    7.682871] systemd[1]: Created slice System Slice.
[[0;32m  OK  [0m] Created slice System Slice.
[    7.822087] systemd[1]: Set up automount Arbitrary Executable File Formats File System Automount Point.
[[0;32m  OK  [0m] Set up automount Arbitrary Executab…rmats File System Automount Point.
[    7.824754] systemd[1]: Started Forward Password Requests to Wall Directory Watch.
[[0;32m  OK  [0m] Started Forward Password Requests to Wall Directory Watch.
[    7.827065] systemd[1]: Listening on Device-mapper event daemon FIFOs.
[[0;32m  OK  [0m] Listening on Device-mapper event daemon FIFOs.
[[0;32m  OK  [0m] Created slice User and Session Slice.
[[0;32m  OK  [0m] Reached target System Time Synchronized.
[[0;32m  OK  [0m] Listening on LVM2 metadata daemon socket.
[[0;32m  OK  [0m] Reached target Slices.
[[0;32m  OK  [0m] Reached target User and Group Name Lookups.
[[0;32m  OK  [0m] Created slice system-serial\x2dgetty.slice.
[[0;32m  OK  [0m] Listening on Network Service Netlink Socket.
[[0;32m  OK  [0m] Listening on Journal Audit Socket.
[[0;32m  OK  [0m] Reached target Swap.
[[0;32m  OK  [0m] Listening on /dev/initctl Compatibility Named Pipe.
[[0;32m  OK  [0m] Listening on LVM2 poll daemon socket.
[[0;32m  OK  [0m] Listening on udev Kernel Socket.
[[0;32m  OK  [0m] Listening on Journal Socket (/dev/log).
[[0;32m  OK  [0m] Listening on Journal Socket.
         Starting Monitoring of LVM2 mirrors…ng dmeventd or progress polling...
         Mounting Huge Pages File System...
         Mounting Kernel Debug File System...
         Starting Create list of required st…ce nodes for the current kernel...
         Mounting POSIX Message Queue File System...
         Starting Remount Root and Kernel File Systems...
         Starting Load Kernel Modules...
         Starting Set the console keyboard layout...
         Starting Uncomplicated firewall...
[[0;32m  OK  [0m] Listening on Syslog Socket.
         Starting Journal Service...
[[0;32m  OK  [0m] Listening on udev Control Socket.
         Starting udev Coldplug all Devices...
[[0;32m  OK  [0m] Started Create list of required sta…vice nodes for the current kernel.
         Starting Create Static Device Nodes in /dev...
[[0;32m  OK  [0m] Started Uncomplicated firewall.
[    8.482931] random: crng init done
[[0;32m  OK  [0m] Started Journal Service.
[[0;32m  OK  [0m] Started udev Coldplug all Devices.
[[0;32m  OK  [0m] Started Create Static Device Nodes in /dev.
[    8.798947] Loading iSCSI transport class v2.0-870.
[    8.894408] iscsi: registered transport (tcp)
[    9.044205] iscsi: registered transport (iser)
[[0;32m  OK  [0m] Started Load Kernel Modules.
         Mounting FUSE Control File System...
         Mounting Kernel Configuration File System...
         Starting Apply Kernel Variables...
[[0;32m  OK  [0m] Started Apply Kernel Variables.
[[0;32m  OK  [0m] Mounted Huge Pages File System.
[[0;32m  OK  [0m] Mounted Kernel Debug File System.
[[0;32m  OK  [0m] Mounted POSIX Message Queue File System.
[[0;32m  OK  [0m] Started Remount Root and Kernel File Systems.
[[0;32m  OK  [0m] Mounted FUSE Control File System.
[[0;32m  OK  [0m] Mounted Kernel Configuration File System.
[[0;32m  OK  [0m] Started LVM2 metadata daemon.
         Starting Load/Save Random Seed...
         Starting Flush Journal to Persistent Storage...
         Starting udev Kernel Device Manager...
         Starting Initial cloud-init job (pre-networking)...
[[0;32m  OK  [0m] Started Monitoring of LVM2 mirrors,…sing dmeventd or progress polling.
[[0;32m  OK  [0m] Started Set the console keyboard layout.
[[0;32m  OK  [0m] Started Load/Save Random Seed.
[[0;32m  OK  [0m] Reached target Local File Systems (Pre).
[[0;32m  OK  [0m] Reached target Local File Systems.
         Starting ebtables ruleset management...
         Starting Set console font and keymap...
         Starting AppArmor initialization...
         Starting Commit a transient machine-id on disk...
         Starting Tell Plymouth To Write Out Runtime Data...
[[0;32m  OK  [0m] Started udev Kernel Device Manager.
[[0;32m  OK  [0m] Started Dispatch Password Requests to Console Directory Watch.
[[0;32m  OK  [0m] Reached target Local Encrypted Volumes.
[[0;32m  OK  [0m] Started Set console font and keymap.
[[0;32m  OK  [0m] Started Tell Plymouth To Write Out Runtime Data.
[[0;32m  OK  [0m] Started Flush Journal to Persistent Storage.
         Starting Create Volatile Files and Directories...
[[0;32m  OK  [0m] Started Commit a transient machine-id on disk.
[[0;32m  OK  [0m] Started Create Volatile Files and Directories.
[[0;32m  OK  [0m] Found device /dev/ttyS0.
         Starting Update UTMP about System Boot/Shutdown...
[[0;32m  OK  [0m] Started Update UTMP about System Boot/Shutdown.
[[0;32m  OK  [0m] Started ebtables ruleset management.
[[0;32m  OK  [0m] Listening on Load/Save RF Kill Switch Status /dev/rfkill Watch.
[[0;32m  OK  [0m] Started AppArmor initialization.
[   15.939313] cloud-init[415]: Cloud-init v. 18.2 running 'init-local' at Wed, 23 May 2018 14:08:55 +0000. Up 14.82 seconds.
[[0;32m  OK  [0m] Started Initial cloud-init job (pre-networking).
[[0;32m  OK  [0m] Reached target Network (Pre).
         Starting Network Service...
[[0;32m  OK  [0m] Started Network Service.
         Starting Wait for Network to be Configured...
         Starting Network Name Resolution...
[[0;32m  OK  [0m] Started Network Name Resolution.
[[0;32m  OK  [0m] Reached target Network.
[[0;32m  OK  [0m] Reached target Host and Network Name Lookups.
[[0;32m  OK  [0m] Started Wait for Network to be Configured.
         Starting Initial cloud-init job (metadata service crawler)...
[   21.557364] cloud-init[695]: Cloud-init v. 18.2 running 'init' at Wed, 23 May 2018 14:08:59 +0000. Up 18.96 seconds.
[   21.564790] cloud-init[695]: ci-info: ++++++++++++++++++++++++++++++++++++++Net device info++++++++++++++++++++++++++++++++++++++
[   21.566649] cloud-init[695]: ci-info: +--------+------+----------------------------+---------------+--------+-------------------+
[   21.568478] cloud-init[695]: ci-info: | Device |  Up  |          Address           |      Mask     | Scope  |     Hw-Address    |
[   21.570305] cloud-init[695]: ci-info: +--------+------+----------------------------+---------------+--------+-------------------+
[   21.573450] cloud-init[695]: ci-info: | enp0s3 | True |         10.0.2.15          | 255.255.255.0 | global | 02:64:30:56:7d:5d |
[   21.576665] cloud-init[695]: ci-info: | enp0s3 | True | fe80::64:30ff:fe56:7d5d/64 |       .       |  link  | 02:64:30:56:7d:5d |
[   21.593006] cloud-init[695]: ci-info: |   lo   | True |         127.0.0.1          |   255.0.0.0   |  host  |         .         |
[   21.605815] cloud-init[695]: ci-info: |   lo   | True |          ::1/128           |       .       |  host  |         .         |
[   21.628344] cloud-init[695]: ci-info: +--------+------+----------------------------+---------------+--------+-------------------+
[   21.643399] cloud-init[695]: ci-info: ++++++++++++++++++++++++++++Route IPv4 info+++++++++++++++++++++++++++++
[[0;32m  OK  [0m] Started Initial cloud-init job (metadata service crawler).
[   21.716555] cloud-init[695]: ci-info: +-------+-------------+----------+-----------------+-----------+-------+
[[0;32m  OK  [0m] Reached target Cloud-config availability.
[[0;32m  OK  [0m] Reached target Network is Online.
[   21.759644] cloud-init[695]: ci-info: | Route | Destination | Gateway  |     Genmask     | Interface | Flags |         Starting iSCSI initiator daemon (iscsid)...
[[0;32m  OK  [0m] Reached target System Initialization.

[   21.768402] cloud-init[695]: ci-info: +-------+-------------+----------+-----------------+-----------+-------+
         Starting LXD - unix socket.
[   21.822862] [[0;32m  OK  [0m] Started Daily apt download activities.
[[0;32m  OK  [0m] Listening on UUID daemon activation socket.
cloud-init[695]: ci-info: |   0   |   0.0.0.0   | 10.0.2.2 |     0.0.0.0     |   enp0s3  |   UG  |
         Starting Socket activation for snappy daemon.
[   21.850997] cloud-init[695]: ci-info: |   1   |   10.0.2.0  | 0.0.0.0  |  255.255.255.0  |   enp0s3  |   U   |
[[0;32m  OK  [0m] Started ACPI Events Check.
[   21.889795] [[0;32m  OK  [0m] Reached target Paths.
cloud-init[[0;32m  OK  [0m] Started Discard unused blocks once a week.
[695]: ci-info: |   2   |   10.0.2.2  | 0.0.0.0  | 255.255.255.255 |   enp0s3  |   UH  |
[[0;32m  OK  [0m] Listening on ACPID Listen Socket.
[   21.919477] cloud-init[695]: ci-info: +-------+-------------+----------+-----------------+-----------+-------+
[[0;32m  OK  [0m] Listening on D-Bus System Message Bus Socket.
[   21.930987] cloud-init[695]: ci-info: +++++++++++++++++++Route IPv6 info+++++++++++++++++++
[[0;32m  OK  [0m] Started Daily apt upgrade and clean activities.
[   21.945153] [cloud-init[0;32m  OK  [0m[695]: ] ci-info: +-------+-------------+---------+-----------+-------+Started Message of the Day.

[[0;32m  OK  [0m] Started Daily Cleanup of Temporary Directories.
[   21.977649] [[0;32m  OK  [0m] Reached target Timers.
cloud-init[695]: ci-info: | Route | Destination | Gateway | Interface | Flags |[[0;32m  OK  [0m] Listening on LXD - unix socket.
[[0;32m  OK  [0m] Listening on Socket activation for snappy daemon.
[[0;32m  OK  [0m] Reached target Sockets.
[[0;32m  OK  [0m] Reached target Basic System.

[[0;32m  OK  [0m] Started irqbalance daemon.
[   22.060751] cloud-init[695]: ci-info: +-------+-------------+---------+-----------+-------+
[[0;32m  OK  [0m] Started FUSE filesystem for LXC.
[   22.114836] cloud-init[695]: ci-info: |   1   |  fe80::/64  |    ::   |   enp0s3  |   U   |
[   22.172287] cloud-init[695]: ci-info: |   3   |    local    |    ::   |   enp0s3  |   U   |
[   22.176901] cloud-init[695]: ci-info: |   4   |   ff00::/8  |    ::   |   enp0s3  |   U   |
[[0;32m  OK  [0m] Started Regular background program processing daemon.
[   22.244589] cloud-init[695]: ci-info: +-------+-------------+---------+-----------+-------+
         Starting Dispatcher daemon for systemd-networkd...
[[0;32m  OK  [0m] Started Unattended Upgrades Shutdown.
[   22.325026] cloud-init[695]: Generating public/private rsa key pair.
         Starting LXD - container startup/shutdown...
[   22.378489] cloud-init[695]: Your identification has been saved in /etc/ssh/ssh_host_rsa_key.
[   22.380363]          Starting Login Service...
         Starting System Logging Service...
cloud-init[695]: Your public key has been saved in /etc/ssh/ssh_host_rsa_key.pub.
         Starting Virtualbox guest utils...
[   22.409699] cloud-init[695]: The key fingerprint is:
[   22.429360] cloud-init[695]: SHA256:Q1yBfbjdF8/7U2M7xuOaU/1AWrjAxaqZ8mP0YRfmUzo root@ubuntu-bionic
[   22.432102] cloud-init[695]: The key's randomart image is:
[   22.433401] cloud-init[695]: +---[RSA 2048]----+
[   22.450722] cloud-init[695]: |         oo+     |
[   22.455229] cloud-init[695]: |       ...o +  . |
[   22.456218] cloud-init[695]: |        o. * o .o|
[   22.457124] cloud-init[695]: |       .  = = = +|
[   22.458029] cloud-init[695]: |        S+ + O .o|
[   22.476613] cloud-init[695]: |      . =.o E .=o|
[   22.488829] cloud-init[695]: |       + o o o+.*|
[   22.508357] cloud-init[695]: |        + .  ..Bo|
[   22.513447] cloud-init[695]: |       . .   o=.+|
[   22.516424] cloud-init[695]: +----[SHA256]-----+
[   22.536550] cloud-init[695]: Generating public/private dsa key pair.
[   22.568383] cloud-init[695]: Your identification has been saved in /etc/ssh/ssh_host_dsa_key.
[   22.571862] cloud-init[695]: Your public key has been saved in /etc/ssh/ssh_host_dsa_key.pub.
[   22.573495] cloud-init[695]: The key fingerprint is:
[   22.574642] cloud-init[695]: SHA256:Vox35W/BZserDkcN66KhqPtGVokUObIhYK03TiT8uBM root@ubuntu-bionic
[   22.585059] cloud-init[695]: The key's randomart image is:
[   22.628271] cloud-init[695]: +---[DSA 1024]----+
[   22.634752] cloud-init[695]: |+..  .o       .  |
[   22.644342] cloud-init[695]: |.+ = +   o   o.. |
[   22.657276] cloud-init[695]: |  B = o o + ...=o|
[   22.662762] cloud-init[695]: | E * . o o .  *.+|
         Starting Pollinate to seed the pseudo random number generator...
[   22.708730] cloud-init[695]: |  * . . S    o oo|
         Starting Accounts Service...
[   22.760040] cloud-init[695]: | o . o .    o .. |
[[0;32m  OK  [0m] Started D-Bus System Message Bus.
[   22.762142] cloud-init[695]: |  . o    . o +   |
[   22.799861] cloud-init[695]: |     .. . o =    |
[   22.800861] cloud-init[695]: |   o=o . .   .   |
[   22.821169] cloud-init[695]: +----[SHA256]-----+
[   22.822090] cloud-init[695]: Generating public/private ecdsa key pair.
[   22.823341] cloud-init[695]: Your identification has been saved in /etc/ssh/ssh_host_ecdsa_key.
[   22.831266] cloud-init[695]: Your public key has been saved in /etc/ssh/ssh_host_ecdsa_key.pub.
[   22.850644] cloud-init[695]: The key fingerprint is:
[   22.872231] cloud-init[695]: SHA256:ZEpZI15ffxlD3TNJ6/Qx8hpOWpq+VkSrHEgNsxwweU8 root@ubuntu-bionic
[   22.916302] cloud-init[695]: The key's randomart image is:
[   22.917345] cloud-init[695]: +---[ECDSA 256]---+
[   22.956264] cloud-init[695]: |      .o*+o . o=+|
[   22.968294] cloud-init[695]: |     . *o=+E o +B|
[   22.975712] cloud-init[695]: |      + =o= ..o*+|
[   22.987812] cloud-init[695]: |     . + . o o=.+|
[   23.000803] cloud-init[695]: |      . S . ++ o.|
[   23.036314] cloud-init[695]: |           oB.o  |
[   23.052487] cloud-init[695]: |           +.o   |
[   23.057772] cloud-init[695]: |          ..     |
[   23.064307] cloud-init[695]: |          .o.    |
[   23.065468] cloud-init[695]: +----[SHA256]-----+
[   23.066549] cloud-init[695]: Generating public/private ed25519 key pair.
[   23.067989] cloud-init[695]: Your identification has been saved in /etc/ssh/ssh_host_ed25519_key.
[   23.069735] cloud-init[695]: Your public key has been saved in /etc/ssh/ssh_host_ed25519_key.pub.
[   23.079701] cloud-init[695]: The key fingerprint is:
[   23.096792] cloud-init[695]: SHA256:XIXkVuJqHX1xD0vBdS3om48LEPJfr4Cue2ZAgWtxh54 root@ubuntu-bionic
[   23.113238] cloud-init[695]: The key's randomart image is:
[   23.114144] cloud-init[695]: +--[ED25519 256]--+
[   23.117625] cloud-init[695]: |     . . .o.oo=o=|
[   23.137185] cloud-init[695]: |    o + .o.=..o=+|
[   23.140945] cloud-init[695]: |     =.+. *.. o..|
[   23.149700] cloud-init[695]: |    o E+ * ...   |
[   23.184283] cloud-init[695]: |   . .  S . .o   |
[[0;32m  OK  [0m] Started Login Service.
[   23.208574] cloud-init[695]: |      .. + .o.   |
[   23.212199] cloud-init[695]: |       .. +  o.  |
[   23.213790] cloud-init[695]: |       .+  o...  |
[   23.238182] cloud-init[695]: |      o*.   o.   |
[   23.241443] cloud-init[695]: +----[SHA256]-----+
         Starting Snappy daemon...
         Starting Apply the settings specified in cloud-config...
         Starting LSB: Record successful boot for GRUB...
[[0;32m  OK  [0m] Started Deferred execution scheduler.
[[0;32m  OK  [0m] Started System Logging Service.
[[0;32m  OK  [0m] Started Dispatcher daemon for systemd-networkd.
[[0;32m  OK  [0m] Started iSCSI initiator daemon (iscsid).
         Starting Authorization Manager...
         Starting Availability of block devices...
[[0;32m  OK  [0m] Reached target Remote File Systems (Pre).
[[0;32m  OK  [0m] Reached target Remote File Systems.
         Starting Permit User Sessions...
         Starting LSB: automatic crash report generation...
[[0;32m  OK  [0m] Started Availability of block devices.
[[0;32m  OK  [0m] Started Permit User Sessions.
         Starting Hold until boot process finishes up...
         Starting Terminate Plymouth Boot Screen...
[[0;32m  OK  [0m] Started Hold until boot process finishes up.
[[0;32m  OK  [0m] Started Terminate Plymouth Boot Screen.
         Starting Set console scheme...
[[0;32m  OK  [0m] Started Serial Getty on ttyS0.
[[0;32m  OK  [0m] Started Authorization Manager.
[[0;32m  OK  [0m] Started Set console scheme.
[[0;32m  OK  [0m] Started LSB: Record successful boot for GRUB.
[[0;32m  OK  [0m] Started Accounts Service.
[[0;32m  OK  [0m] Created slice system-getty.slice.
[[0;32m  OK  [0m] Started Getty on tty1.
[[0;32m  OK  [0m] Reached target Login Prompts.
[[0;32m  OK  [0m] Started Virtualbox guest utils.
[[0;32m  OK  [0m] Started LSB: automatic crash report generation.
[[0;32m  OK  [0m] Started LXD - container startup/shutdown.
[[0;32m  OK  [0m] Started Snappy daemon.
[[0;32m  OK  [0m] Started Pollinate to seed the pseudo random number generator.
[   27.920882] cloud-init[1015]: Cloud-init v. 18.2 running 'modules:config' at Wed, 23 May 2018 14:09:04 +0000. Up 24.19 seconds.
         Starting OpenBSD Secure Shell server...
[[0;32m  OK  [0m] Started OpenBSD Secure Shell server.
[[0;32m  OK  [0m] Started Apply the settings specified in cloud-config.
[[0;32m  OK  [0m] Reached target Multi-User System.
[[0;32m  OK  [0m] Reached target Graphical Interface.
         Starting Update UTMP about System Runlevel Changes...
         Starting Execute cloud user/final scripts...
[[0;32m  OK  [0m] Started Update UTMP about System Runlevel Changes.
[[0;32m  OK  [0m] Created slice User Slice of vagrant.
         Starting User Manager for UID 1000...
[[0;32m  OK  [0m] Started Session 1 of user vagrant.
[[0;32m  OK  [0m] Started User Manager for UID 1000.
ci-info: no authorized ssh keys fingerprints found for user ubuntu.
<14>May 23 14:09:09 ec2: 
<14>May 23 14:09:09 ec2: #############################################################
<14>May 23 14:09:09 ec2: -----BEGIN SSH HOST KEY FINGERPRINTS-----
<14>May 23 14:09:09 ec2: 1024 SHA256:Vox35W/BZserDkcN66KhqPtGVokUObIhYK03TiT8uBM root@ubuntu-bionic (DSA)
<14>May 23 14:09:09 ec2: 256 SHA256:ZEpZI15ffxlD3TNJ6/Qx8hpOWpq+VkSrHEgNsxwweU8 root@ubuntu-bionic (ECDSA)
<14>May 23 14:09:09 ec2: 256 SHA256:XIXkVuJqHX1xD0vBdS3om48LEPJfr4Cue2ZAgWtxh54 root@ubuntu-bionic (ED25519)
<14>May 23 14:09:09 ec2: 2048 SHA256:Q1yBfbjdF8/7U2M7xuOaU/1AWrjAxaqZ8mP0YRfmUzo root@ubuntu-bionic (RSA)
<14>May 23 14:09:09 ec2: -----END SSH HOST KEY FINGERPRINTS-----
<14>May 23 14:09:09 ec2: #############################################################
-----BEGIN SSH HOST KEY KEYS-----
ecdsa-sha2-nistp256 AAAAE2VjZHNhLXNoYTItbmlzdHAyNTYAAAAIbmlzdHAyNTYAAABBBCct8mSkHvO1rC9a2QSpqAM2jRbzo47KllRVxZzdtn2ceLFsXv03e2OFMhYnYedggbukCBqm2HP0bLKDQhaFpzs= root@ubuntu-bionic
ssh-ed25519 AAAAC3NzaC1lZDI1NTE5AAAAIO3fR4SIw6djd/hB12dzCztpNbmQ8a32hxuZ6E8KKqcJ root@ubuntu-bionic
ssh-rsa AAAAB3NzaC1yc2EAAAADAQABAAABAQDPy6zgBTgzlRf+xAzVjVXwdOTn/msmiIW5bwYiFT59KghIVtlx1hPfxRYhwaGDihcAoERZsaxiUzxVHY2zH0mRf7Gk/7F8JIk1pSIE5Ldq7iPTzZPeFgIc0vMs1fUvwP6NewQbM5YtWeqIk2y555zAVN24XZkMbzQArNJvipr1ZYvm6QDJ3qFp6LdAlzRgLyaklpqyqwO17a85igm5FTo85LR7+c2CxnYmQ/iicyNz4FCAgavIAqsBhvxu6qNKAn6FAGumRmPIC7Br7+UZon6m1LWhSmdvyb75n3hRPIjaCuer5XCAWhOLjlZol4U5AqQsMW4N4eATa35CVCXheyOd root@ubuntu-bionic
-----END SSH HOST KEY KEYS-----
[   29.292231] cloud-init[1366]: Cloud-init v. 18.2 running 'modules:final' at Wed, 23 May 2018 14:09:08 +0000. Up 28.73 seconds.
[   29.292987] cloud-init[1366]: ci-info: no authorized ssh keys fingerprints found for user ubuntu.
[   29.293143] cloud-init[1366]: Cloud-init v. 18.2 finished at Wed, 23 May 2018 14:09:09 +0000. Datasource DataSourceNoCloud [seed=/dev/sdb][dsmode=net].  Up 29.27 seconds

Ubuntu 18.04 LTS ubuntu-bionic ttyS0

ubuntu-bionic login: 